PLINK v1.90b6.10 64-bit (17 Jun 2019)
Options in effect:
  --allow-extra-chr
  --allow-no-sex
  --chr-set 31
  --file SCD_CaseControl.pheno
  --geno 0.1
  --maf 0.05
  --make-bed
  --nonfounders
  --out SCD_CaseControl.pheno.QC

Hostname: acn67
Working directory: /panfs/jay/groups/6/durwa004/stock526/Aim3/case_control/data
Start time: Sat Apr 27 17:09:03 2024

Random number seed: 1714255743
515535 MB RAM detected; reserving 257767 MB for main workspace.
Scanning .ped file...
Possibly irregular .ped line.  Restarting scan, assuming multichar alleles.
.ped scan complete (for binary autoconversion).
Performing single-pass .bed write (31670383 variants, 100 samples).
--file: SCD_CaseControl.pheno.QC-temporary.bed +
SCD_CaseControl.pheno.QC-temporary.bim + SCD_CaseControl.pheno.QC-temporary.fam
written.
31670383 variants loaded from .bim file.
100 samples (0 males, 0 females, 100 ambiguous) loaded from .fam.
Ambiguous sex IDs written to SCD_CaseControl.pheno.QC.nosex .
100 phenotype values loaded from .fam.
Using 1 thread (no multithreaded calculations invoked).
Before main variant filters, 100 founders and 0 nonfounders present.
Calculating allele frequencies... done.
Total genotyping rate is 0.999911.
488 variants removed due to missing genotype data (--geno).
23663723 variants removed due to minor allele threshold(s)
(--maf/--max-maf/--mac/--max-mac).
8006172 variants and 100 samples pass filters and QC.
Among remaining phenotypes, 50 are cases and 50 are controls.
--make-bed to SCD_CaseControl.pheno.QC.bed + SCD_CaseControl.pheno.QC.bim +
SCD_CaseControl.pheno.QC.fam ... done.

End time: Sat Apr 27 17:11:59 2024
