PLINK v1.90b6.10 64-bit (17 Jun 2019)
Options in effect:
  --allow-extra-chr
  --allow-no-sex
  --bfile SCD_CaseControl
  --chr-set 31
  --nonfounders
  --out SCD_CaseControl.pheno
  --pheno SCD_CC_TFAM.tfam
  --pheno-name PHENOTYPE
  --recode

Hostname: acn67
Working directory: /panfs/jay/groups/6/durwa004/stock526/Aim3/case_control/data
Start time: Sat Apr 27 17:07:03 2024

Random number seed: 1714255623
515535 MB RAM detected; reserving 257767 MB for main workspace.
31670383 variants loaded from .bim file.
100 samples (0 males, 0 females, 100 ambiguous) loaded from .fam.
Ambiguous sex IDs written to SCD_CaseControl.pheno.nosex .
100 phenotype values present after --pheno.
Using 1 thread (no multithreaded calculations invoked).
Before main variant filters, 100 founders and 0 nonfounders present.
Calculating allele frequencies... done.
Total genotyping rate is 0.999911.
31670383 variants and 100 samples pass filters and QC.
Among remaining phenotypes, 50 are cases and 50 are controls.
--recode ped to SCD_CaseControl.pheno.ped + SCD_CaseControl.pheno.map ... done.

End time: Sat Apr 27 17:09:03 2024
