PLINK v1.90b6.10 64-bit (17 Jun 2019)
Options in effect:
  --allow-extra-chr
  --allow-no-sex
  --chr-set 31
  --double-id
  --make-bed
  --nonfounders
  --out SCD_CaseControl
  --vcf SCD_CaseControl.goldenPath.decomposed.snpeff.snpsift.CC.vcf.gz
  --vcf-half-call missing

Hostname: acn67
Working directory: /panfs/jay/groups/6/durwa004/stock526/Aim3/case_control/data
Start time: Sat Apr 27 17:01:13 2024

Random number seed: 1714255273
515535 MB RAM detected; reserving 257767 MB for main workspace.
--vcf: SCD_CaseControl-temporary.bed + SCD_CaseControl-temporary.bim +
SCD_CaseControl-temporary.fam written.
31670383 variants loaded from .bim file.
100 samples (0 males, 0 females, 100 ambiguous) loaded from .fam.
Ambiguous sex IDs written to SCD_CaseControl.nosex .
Using 1 thread (no multithreaded calculations invoked).
Before main variant filters, 100 founders and 0 nonfounders present.
Calculating allele frequencies... done.
Total genotyping rate is 0.999911.
31670383 variants and 100 samples pass filters and QC.
Note: No phenotypes present.
--make-bed to SCD_CaseControl.bed + SCD_CaseControl.bim + SCD_CaseControl.fam
... done.

End time: Sat Apr 27 17:07:03 2024
