PLINK v1.90b6.10 64-bit (17 Jun 2019)
Options in effect:
  --allow-extra-chr
  --allow-no-sex
  --bfile SCD_CaseControl.pheno.QC
  --chr-set 31
  --extract SCD_CaseControl.pheno.QC.LD.pruned.prune.in
  --make-bed
  --nonfounders
  --out SCD_CaseControl.pheno.QC.LD.pruned.final

Hostname: acn08
Working directory: /panfs/jay/groups/6/durwa004/stock526/Aim3/case_control/data
Start time: Tue May  7 16:02:02 2024

Random number seed: 1715115722
515417 MB RAM detected; reserving 257708 MB for main workspace.
8006172 variants loaded from .bim file.
100 samples (0 males, 0 females, 100 ambiguous) loaded from .fam.
Ambiguous sex IDs written to SCD_CaseControl.pheno.QC.LD.pruned.final.nosex .
100 phenotype values loaded from .fam.
--extract: 8006172 variants remaining.
Warning: At least 339748 duplicate IDs in --extract file.
Using 1 thread (no multithreaded calculations invoked).
Before main variant filters, 100 founders and 0 nonfounders present.
Calculating allele frequencies... done.
Total genotyping rate is 0.999889.
8006172 variants and 100 samples pass filters and QC.
Among remaining phenotypes, 50 are cases and 50 are controls.
--make-bed to SCD_CaseControl.pheno.QC.LD.pruned.final.bed +
SCD_CaseControl.pheno.QC.LD.pruned.final.bim +
SCD_CaseControl.pheno.QC.LD.pruned.final.fam ... done.

End time: Tue May  7 16:02:16 2024
